[19Aug2023 15:35:09.510] [main/INFO] [cpw.mods.modlauncher.Launcher/MODLAUNCHER]: ModLauncher running: args [--launchTarget, forgedatauserdev, --assetIndex, 5, --assetsDir, /home/conto/.gradle/caches/forge_gradle/assets, --gameDir, ., --fml.forgeVersion, 47.1.0, --fml.mcVersion, 1.20.1, --fml.forgeGroup, net.minecraftforge, --fml.mcpVersion, 20230612.114412, --mod, examplemod, --all, --output, /home/conto/code/forgemdk/src/generated/resources, --existing, /home/conto/code/forgemdk/src/main/resources]
[19Aug2023 15:35:09.513] [main/INFO] [cpw.mods.modlauncher.Launcher/MODLAUNCHER]: ModLauncher 10.0.9+10.0.9+main.dcd20f30 starting: java version 17.0.7 by Eclipse Adoptium; OS Linux arch amd64 version 5.15.0-78-generic
[19Aug2023 15:35:09.655] [main/INFO] [net.minecraftforge.fml.loading.ImmediateWindowHandler/]: ImmediateWindowProvider not loading because launch target is forgedatauserdev
[19Aug2023 15:35:09.730] [main/INFO] [mixin/]: SpongePowered MIXIN Subsystem Version=0.8.5 Source=union:/home/conto/.gradle/caches/modules-2/files-2.1/org.spongepowered/mixin/0.8.5/9d1c0c3a304ae6697ecd477218fa61b850bf57fc/mixin-0.8.5.jar%23116!/ Service=ModLauncher Env=CLIENT
[19Aug2023 15:35:10.090] [main/WARN] [net.minecraftforge.fml.loading.moddiscovery.ModFileParser/LOADING]: Mod file /home/conto/.gradle/caches/modules-2/files-2.1/net.minecraftforge/javafmllanguage/1.20.1-47.1.0/a2cd58d15791eaac9983e30be0995e66bd48633e/javafmllanguage-1.20.1-47.1.0.jar is missing mods.toml file
[19Aug2023 15:35:10.093] [main/WARN] [net.minecraftforge.fml.loading.moddiscovery.ModFileParser/LOADING]: Mod file /home/conto/.gradle/caches/modules-2/files-2.1/net.minecraftforge/lowcodelanguage/1.20.1-47.1.0/f1f11b7217b8320f1b3eb81c746b7b8a70a9ba06/lowcodelanguage-1.20.1-47.1.0.jar is missing mods.toml file
[19Aug2023 15:35:10.095] [main/WARN] [net.minecraftforge.fml.loading.moddiscovery.ModFileParser/LOADING]: Mod file /home/conto/.gradle/caches/modules-2/files-2.1/net.minecraftforge/mclanguage/1.20.1-47.1.0/ff1b8eeb1bd00dfb130263b8952b931f5369252e/mclanguage-1.20.1-47.1.0.jar is missing mods.toml file
[19Aug2023 15:35:10.098] [main/WARN] [net.minecraftforge.fml.loading.moddiscovery.ModFileParser/LOADING]: Mod file /home/conto/.gradle/caches/modules-2/files-2.1/net.minecraftforge/fmlcore/1.20.1-47.1.0/69ca36ae5b8d45c377a5485dc38a7343e5ebf33c/fmlcore-1.20.1-47.1.0.jar is missing mods.toml file
[19Aug2023 15:35:10.109] [main/ERROR] [net.minecraftforge.fml.loading.moddiscovery.ModInfo/FATAL]: Invalid modId found in file /home/conto/code/forgemdk/bin/main - examplemod does not match the standard: ^[a-z][a-z0-9_]{1,63}$
[19Aug2023 15:35:10.111] [main/ERROR] [net.minecraftforge.fml.loading.moddiscovery.ModDiscoverer/SCAN]: Locator net.minecraftforge.fml.loading.moddiscovery.MinecraftLocator@41c204a0 found an invalid mod file net.minecraftforge.fml.loading.moddiscovery.ModFileInfo@64138b0c
net.minecraftforge.fml.loading.moddiscovery.InvalidModFileException: Invalid modId found : examplemod (main)
	at net.minecraftforge.fml.loading.moddiscovery.ModInfo.<init>(ModInfo.java:62) ~[fmlloader-1.20.1-47.1.0.jar:?]
	at net.minecraftforge.fml.loading.moddiscovery.ModFileInfo.lambda$new$2(ModFileInfo.java:85) ~[fmlloader-1.20.1-47.1.0.jar:?]
	at java.util.stream.ReferencePipeline$3$1.accept(Unknown Source) ~[?:?]
	at java.util.ArrayList$ArrayListSpliterator.forEachRemaining(Unknown Source) ~[?:?]
	at java.util.stream.AbstractPipeline.copyInto(Unknown Source) ~[?:?]
	at java.util.stream.AbstractPipeline.wrapAndCopyInto(Unknown Source) ~[?:?]
	at java.util.stream.AbstractPipeline.evaluate(Unknown Source) ~[?:?]
	at java.util.stream.AbstractPipeline.evaluateToArrayNode(Unknown Source) ~[?:?]
	at java.util.stream.ReferencePipeline.toArray(Unknown Source) ~[?:?]
	at java.util.stream.ReferencePipeline.toArray(Unknown Source) ~[?:?]
	at java.util.stream.ReferencePipeline.toList(Unknown Source) ~[?:?]
	at net.minecraftforge.fml.loading.moddiscovery.ModFileInfo.<init>(ModFileInfo.java:86) ~[fmlloader-1.20.1-47.1.0.jar:?]
	at net.minecraftforge.fml.loading.moddiscovery.ModFileParser.modsTomlParser(ModFileParser.java:47) ~[fmlloader-1.20.1-47.1.0.jar:?]
	at net.minecraftforge.fml.loading.moddiscovery.ModFileParser.readModList(ModFileParser.java:31) ~[fmlloader-1.20.1-47.1.0.jar:?]
	at net.minecraftforge.fml.loading.moddiscovery.ModFile.<init>(ModFile.java:79) ~[fmlloader-1.20.1-47.1.0.jar:?]
	at net.minecraftforge.fml.loading.moddiscovery.ModFile.<init>(ModFile.java:68) ~[fmlloader-1.20.1-47.1.0.jar:?]
	at net.minecraftforge.fml.loading.moddiscovery.AbstractModProvider.createMod(AbstractModProvider.java:52) ~[fmlloader-1.20.1-47.1.0.jar:?]
	at net.minecraftforge.fml.loading.moddiscovery.MinecraftLocator.lambda$scanMods$6(MinecraftLocator.java:43) ~[fmlloader-1.20.1-47.1.0.jar:?]
	at java.util.stream.ReferencePipeline$3$1.accept(Unknown Source) ~[?:?]
	at java.util.AbstractList$RandomAccessSpliterator.forEachRemaining(Unknown Source) ~[?:?]
	at java.util.stream.AbstractPipeline.copyInto(Unknown Source) ~[?:?]
	at java.util.stream.AbstractPipeline.wrapAndCopyInto(Unknown Source) ~[?:?]
	at java.util.stream.StreamSpliterators$WrappingSpliterator.forEachRemaining(Unknown Source) ~[?:?]
	at java.util.stream.Streams$ConcatSpliterator.forEachRemaining(Unknown Source) ~[?:?]
	at java.util.stream.AbstractPipeline.copyInto(Unknown Source) ~[?:?]
	at java.util.stream.AbstractPipeline.wrapAndCopyInto(Unknown Source) ~[?:?]
	at java.util.stream.AbstractPipeline.evaluate(Unknown Source) ~[?:?]
	at java.util.stream.AbstractPipeline.evaluateToArrayNode(Unknown Source) ~[?:?]
	at java.util.stream.ReferencePipeline.toArray(Unknown Source) ~[?:?]
	at java.util.stream.ReferencePipeline.toArray(Unknown Source) ~[?:?]
	at java.util.stream.ReferencePipeline.toList(Unknown Source) ~[?:?]
	at net.minecraftforge.fml.loading.moddiscovery.MinecraftLocator.scanMods(MinecraftLocator.java:47) ~[fmlloader-1.20.1-47.1.0.jar:?]
	at net.minecraftforge.fml.loading.moddiscovery.ModDiscoverer.discoverMods(ModDiscoverer.java:75) ~[fmlloader-1.20.1-47.1.0.jar:?]
	at net.minecraftforge.fml.loading.FMLLoader.beginModScan(FMLLoader.java:164) ~[fmlloader-1.20.1-47.1.0.jar:1.0]
	at net.minecraftforge.fml.loading.FMLServiceProvider.beginScanning(FMLServiceProvider.java:86) ~[fmlloader-1.20.1-47.1.0.jar:1.0]
	at cpw.mods.modlauncher.TransformationServiceDecorator.runScan(TransformationServiceDecorator.java:112) ~[modlauncher-10.0.9.jar:?]
	at cpw.mods.modlauncher.TransformationServicesHandler.lambda$runScanningTransformationServices$8(TransformationServicesHandler.java:100) ~[modlauncher-10.0.9.jar:?]
	at java.util.stream.ReferencePipeline$3$1.accept(Unknown Source) ~[?:?]
	at java.util.HashMap$ValueSpliterator.forEachRemaining(Unknown Source) ~[?:?]
	at java.util.stream.AbstractPipeline.copyInto(Unknown Source) ~[?:?]
	at java.util.stream.AbstractPipeline.wrapAndCopyInto(Unknown Source) ~[?:?]
	at java.util.stream.AbstractPipeline.evaluate(Unknown Source) ~[?:?]
	at java.util.stream.AbstractPipeline.evaluateToArrayNode(Unknown Source) ~[?:?]
	at java.util.stream.ReferencePipeline.toArray(Unknown Source) ~[?:?]
	at java.util.stream.ReferencePipeline.toArray(Unknown Source) ~[?:?]
	at java.util.stream.ReferencePipeline.toList(Unknown Source) ~[?:?]
	at cpw.mods.modlauncher.TransformationServicesHandler.runScanningTransformationServices(TransformationServicesHandler.java:102) ~[modlauncher-10.0.9.jar:?]
	at cpw.mods.modlauncher.TransformationServicesHandler.initializeTransformationServices(TransformationServicesHandler.java:55) ~[modlauncher-10.0.9.jar:?]
	at cpw.mods.modlauncher.Launcher.run(Launcher.java:88) ~[modlauncher-10.0.9.jar:?]
	at cpw.mods.modlauncher.Launcher.main(Launcher.java:78) ~[modlauncher-10.0.9.jar:?]
	at cpw.mods.modlauncher.BootstrapLaunchConsumer.accept(BootstrapLaunchConsumer.java:26) ~[modlauncher-10.0.9.jar:?]
	at cpw.mods.modlauncher.BootstrapLaunchConsumer.accept(BootstrapLaunchConsumer.java:23) ~[modlauncher-10.0.9.jar:?]
	at cpw.mods.bootstraplauncher.BootstrapLauncher.main(BootstrapLauncher.java:141) ~[bootstraplauncher-1.1.2.jar:?]
[19Aug2023 15:35:10.233] [main/INFO] [net.minecraftforge.fml.loading.moddiscovery.JarInJarDependencyLocator/]: No dependencies to load found. Skipping!
[19Aug2023 15:35:10.289] [main/ERROR] [net.minecraftforge.fml.loading.LanguageLoadingProvider/LOADING]: Missing language javafml version [24,] wanted by forge-1.20.1-47.1.0_mapped_official_1.20.1-recomp.jar
